Using pre-set license
Built from '2020.3/staging' branch; Version is '2020.3.17f1 (a4537701e4ab) revision 10769271'; Using compiler version '192528614'; Build Type 'Release'
OS: 'Windows 10 Home Single Language; OS build 19044.2364; Version 2009; 64bit' Language: 'en' Physical Memory: 16170 MB
BatchMode: 1, IsHumanControllingUs: 0, StartBugReporterOnCrash: 0, Is64bit: 1, IsPro: 0

COMMAND LINE ARGUMENTS:
C:\Program Files\Unity\Hub\Editor\2020.3.17f1\Editor\Unity.exe
-adb2
-batchMode
-noUpm
-name
AssetImportWorker0
-projectPath
X:/GitHubProjects/ball-game/The Ball Game
-logFile
Logs/AssetImportWorker0.log
-srvPort
55332
Successfully changed project path to: X:/GitHubProjects/ball-game/The Ball Game
X:/GitHubProjects/ball-game/The Ball Game
Using Asset Import Pipeline V2.
Refreshing native plugins compatible for Editor in 58.55 ms, found 2 plugins.
Preloading 0 native plugins for Editor in 0.00 ms.
Initialize engine version: 2020.3.17f1 (a4537701e4ab)
[Subsystems] Discovering subsystems at path C:/Program Files/Unity/Hub/Editor/2020.3.17f1/Editor/Data/Resources/UnitySubsystems
[Subsystems] Discovering subsystems at path X:/GitHubProjects/ball-game/The Ball Game/Assets
GfxDevice: creating device client; threaded=0
Direct3D:
    Version:  Direct3D 11.0 [level 11.1]
    Renderer: NVIDIA GeForce GTX 1650 Ti (ID=0x1f95)
    Vendor:   
    VRAM:     3949 MB
    Driver:   31.0.15.2686
Initialize mono
Mono path[0] = 'C:/Program Files/Unity/Hub/Editor/2020.3.17f1/Editor/Data/Managed'
Mono path[1] = 'C:/Program Files/Unity/Hub/Editor/2020.3.17f1/Editor/Data/MonoBleedingEdge/lib/mono/unityjit'
Mono config path = 'C:/Program Files/Unity/Hub/Editor/2020.3.17f1/Editor/Data/MonoBleedingEdge/etc'
Using monoOptions --debugger-agent=transport=dt_socket,embedding=1,server=y,suspend=n,address=127.0.0.1:56144
Begin MonoManager ReloadAssembly
Registering precompiled unity dll's ...
Register platform support module: C:/Program Files/Unity/Hub/Editor/2020.3.17f1/Editor/Data/PlaybackEngines/WebGLSupport/UnityEditor.WebGL.Extensions.dll
Register platform support module: C:/Program Files/Unity/Hub/Editor/2020.3.17f1/Editor/Data/PlaybackEngines/WindowsStandaloneSupport/UnityEditor.WindowsStandalone.Extensions.dll
Register platform support module: C:/Program Files/Unity/Hub/Editor/2020.3.17f1/Editor/Data/PlaybackEngines/LuminSupport/UnityEditor.Lumin.Extensions.dll
Registered in 0.003584 seconds.
Native extension for Lumin target not found
Native extension for WindowsStandalone target not found
Native extension for WebGL target not found
Refreshing native plugins compatible for Editor in 56.25 ms, found 2 plugins.
Preloading 0 native plugins for Editor in 0.00 ms.
Unable to find bridge dll in registry for Microsoft Visual Studio Tools for Unity for C:\Program Files (x86)\Microsoft Visual Studio\2019\Community\Common7\IDE\devenv.exe
Mono: successfully reloaded assembly
- Completed reload, in  2.773 seconds
Domain Reload Profiling:
	ReloadAssembly (2773ms)
		BeginReloadAssembly (56ms)
			ExecutionOrderSort (0ms)
			DisableScriptedObjects (0ms)
			BackupInstance (0ms)
			ReleaseScriptingObjects (0ms)
			CreateAndSetChildDomain (1ms)
		EndReloadAssembly (400ms)
			LoadAssemblies (53ms)
			RebuildTransferFunctionScriptingTraits (0ms)
			SetupTypeCache (138ms)
			ReleaseScriptCaches (0ms)
			RebuildScriptCaches (25ms)
			SetupLoadedEditorAssemblies (164ms)
				LogAssemblyErrors (0ms)
				InitializePlatformSupportModulesInManaged (5ms)
				SetLoadedEditorAssemblies (0ms)
				RefreshPlugins (56ms)
				BeforeProcessingInitializeOnLoad (13ms)
				ProcessInitializeOnLoadAttributes (67ms)
				ProcessInitializeOnLoadMethodAttributes (23ms)
				AfterProcessingInitializeOnLoad (0ms)
				EditorAssembliesLoaded (0ms)
			ExecutionOrderSort2 (0ms)
			AwakeInstancesAfterBackupRestoration (0ms)
Platform modules already initialized, skipping
Registering precompiled user dll's ...
Registered in 0.004643 seconds.
Begin MonoManager ReloadAssembly
Native extension for Lumin target not found
Native extension for WindowsStandalone target not found
Native extension for WebGL target not found
Refreshing native plugins compatible for Editor in 57.89 ms, found 2 plugins.
Preloading 0 native plugins for Editor in 0.00 ms.
Mono: successfully reloaded assembly
- Completed reload, in  1.368 seconds
Domain Reload Profiling:
	ReloadAssembly (1369ms)
		BeginReloadAssembly (136ms)
			ExecutionOrderSort (0ms)
			DisableScriptedObjects (4ms)
			BackupInstance (0ms)
			ReleaseScriptingObjects (0ms)
			CreateAndSetChildDomain (15ms)
		EndReloadAssembly (1175ms)
			LoadAssemblies (92ms)
			RebuildTransferFunctionScriptingTraits (0ms)
			SetupTypeCache (317ms)
			ReleaseScriptCaches (1ms)
			RebuildScriptCaches (70ms)
			SetupLoadedEditorAssemblies (589ms)
				LogAssemblyErrors (0ms)
				InitializePlatformSupportModulesInManaged (5ms)
				SetLoadedEditorAssemblies (0ms)
				RefreshPlugins (58ms)
				BeforeProcessingInitializeOnLoad (90ms)
				ProcessInitializeOnLoadAttributes (423ms)
				ProcessInitializeOnLoadMethodAttributes (5ms)
				AfterProcessingInitializeOnLoad (8ms)
				EditorAssembliesLoaded (0ms)
			ExecutionOrderSort2 (0ms)
			AwakeInstancesAfterBackupRestoration (6ms)
Platform modules already initialized, skipping
========================================================================
Worker process is ready to serve import requests
Launched and connected shader compiler UnityShaderCompiler.exe after 0.03 seconds
Refreshing native plugins compatible for Editor in 0.58 ms, found 2 plugins.
Preloading 0 native plugins for Editor in 0.00 ms.
Unloading 3415 Unused Serialized files (Serialized files now loaded: 0)
System memory in use before: 146.8 MB.
System memory in use after: 147.0 MB.

Unloading 20 unused Assets to reduce memory usage. Loaded Objects now: 3849.
Total: 3.418300 ms (FindLiveObjects: 0.290400 ms CreateObjectMapping: 0.170100 ms MarkObjects: 2.858000 ms  DeleteObjects: 0.098800 ms)

AssetImportParameters requested are different than current active one (requested -> active):
  custom:framework-win-MediaFoundation: 216162199b28c13a410421893ffa2e32 -> 
  custom:video-decoder-ogg-theora: a1e56fd34408186e4bbccfd4996cb3dc -> 
  custom:container-muxer-webm: aa71ff27fc2769a1b78a27578f13a17b -> 
  custom:container-demuxer-webm: 4f35f7cbe854078d1ac9338744f61a02 -> 
  custom:container-demuxer-ogg: 62fdf1f143b41e24485cea50d1cbac27 -> 
  custom:video-encoder-webm-vp8: eb34c28f22e8b96e1ab97ce403110664 -> 
  custom:video-codec-MediaFoundation-h265: 746d11721c4dcdbdad8f713fa42b33f4 -> 
  custom:video-decoder-webm-vp8: 9c59270c3fd7afecdb556c50c9e8de78 -> 
  custom:audio-decoder-ogg-vorbis: bf7c407c2cedff20999df2af8eb42d56 -> 
  custom:audio-encoder-webm-vorbis: bf7c407c2cedff20999df2af8eb42d56 -> 
========================================================================
Received Import Request.
  path: Assets/IgniteCoders/Simple Water Shader/Info/Scripts
  artifactKey: Guid(5a9bcd70e6a4b4b05badaa72e827d8e0) Importer(815301076,1909f56bfc062723c751e8b465ee728b)
Start importing Assets/IgniteCoders/Simple Water Shader/Info/Scripts using Guid(5a9bcd70e6a4b4b05badaa72e827d8e0) Importer(815301076,1909f56bfc062723c751e8b465ee728b)  -> (artifact id: '2381cffa6438b17ca19b3c642f224055') in 0.008809 seconds 
  Import took 0.013138 seconds .

========================================================================
Received Import Request.
  Time since last request: 1.972352 seconds.
  path: Assets/Game/scripts
  artifactKey: Guid(eebf7a8bae0d57f4494801f21fec8815) Importer(815301076,1909f56bfc062723c751e8b465ee728b)
Start importing Assets/Game/scripts using Guid(eebf7a8bae0d57f4494801f21fec8815) Importer(815301076,1909f56bfc062723c751e8b465ee728b)  -> (artifact id: '7de389cbfc82cc8d25109bdee298ec6f') in 0.006728 seconds 
  Import took 0.011835 seconds .

========================================================================
Received Import Request.
  Time since last request: 10.155448 seconds.
  path: Assets/Game/scripts/EnemyScript.cs
  artifactKey: Guid(07826fbcbb8a78248a8f6e4ee706ad43) Importer(815301076,1909f56bfc062723c751e8b465ee728b)
Start importing Assets/Game/scripts/EnemyScript.cs using Guid(07826fbcbb8a78248a8f6e4ee706ad43) Importer(815301076,1909f56bfc062723c751e8b465ee728b)  -> (artifact id: '9464159df332ef0378de930582a5cf11') in 0.019439 seconds 
  Import took 0.024418 seconds .

========================================================================
Received Prepare
Registering precompiled user dll's ...
Registered in 0.005247 seconds.
Begin MonoManager ReloadAssembly
Native extension for Lumin target not found
Native extension for WindowsStandalone target not found
Native extension for WebGL target not found
Refreshing native plugins compatible for Editor in 0.65 ms, found 2 plugins.
Preloading 0 native plugins for Editor in 0.00 ms.
Mono: successfully reloaded assembly
- Completed reload, in  1.595 seconds
Domain Reload Profiling:
	ReloadAssembly (1595ms)
		BeginReloadAssembly (140ms)
			ExecutionOrderSort (0ms)
			DisableScriptedObjects (5ms)
			BackupInstance (0ms)
			ReleaseScriptingObjects (0ms)
			CreateAndSetChildDomain (36ms)
		EndReloadAssembly (1374ms)
			LoadAssemblies (126ms)
			RebuildTransferFunctionScriptingTraits (0ms)
			SetupTypeCache (401ms)
			ReleaseScriptCaches (1ms)
			RebuildScriptCaches (80ms)
			SetupLoadedEditorAssemblies (619ms)
				LogAssemblyErrors (0ms)
				InitializePlatformSupportModulesInManaged (6ms)
				SetLoadedEditorAssemblies (0ms)
				RefreshPlugins (1ms)
				BeforeProcessingInitializeOnLoad (104ms)
				ProcessInitializeOnLoadAttributes (492ms)
				ProcessInitializeOnLoadMethodAttributes (5ms)
				AfterProcessingInitializeOnLoad (10ms)
				EditorAssembliesLoaded (0ms)
			ExecutionOrderSort2 (0ms)
			AwakeInstancesAfterBackupRestoration (9ms)
Platform modules already initialized, skipping
Switching build target platform(19) subTarget(0) extendedPlatform(0) -> platform(13) subTarget(537395200) extendedPlatform(0)
Refreshing native plugins compatible for Editor in 0.69 ms, found 2 plugins.
Preloading 0 native plugins for Editor in 0.00 ms.
Unloading 3300 Unused Serialized files (Serialized files now loaded: 0)
System memory in use before: 138.4 MB.
System memory in use after: 138.7 MB.

Unloading 15 unused Assets to reduce memory usage. Loaded Objects now: 3852.
Total: 4.383400 ms (FindLiveObjects: 0.299000 ms CreateObjectMapping: 0.172300 ms MarkObjects: 3.891400 ms  DeleteObjects: 0.019100 ms)

AssetImportParameters requested are different than current active one (requested -> active):
  custom:framework-win-MediaFoundation: 216162199b28c13a410421893ffa2e32 -> 
  custom:video-decoder-ogg-theora: a1e56fd34408186e4bbccfd4996cb3dc -> 
  custom:container-muxer-webm: aa71ff27fc2769a1b78a27578f13a17b -> 
  custom:container-demuxer-webm: 4f35f7cbe854078d1ac9338744f61a02 -> 
  custom:container-demuxer-ogg: 62fdf1f143b41e24485cea50d1cbac27 -> 
  custom:video-encoder-webm-vp8: eb34c28f22e8b96e1ab97ce403110664 -> 
  custom:video-codec-MediaFoundation-h265: 746d11721c4dcdbdad8f713fa42b33f4 -> 
  custom:video-decoder-webm-vp8: 9c59270c3fd7afecdb556c50c9e8de78 -> 
  custom:graphics/normal-map-encoding: 01000000000000000000000000000000 -> 02000000000000000000000000000000
  custom:audio-decoder-ogg-vorbis: bf7c407c2cedff20999df2af8eb42d56 -> 
  custom:audio-encoder-webm-vorbis: bf7c407c2cedff20999df2af8eb42d56 -> 
========================================================================
Received Prepare
Registering precompiled user dll's ...
Registered in 0.006678 seconds.
Begin MonoManager ReloadAssembly
Native extension for Lumin target not found
Native extension for WindowsStandalone target not found
Native extension for WebGL target not found
Refreshing native plugins compatible for Editor in 0.57 ms, found 2 plugins.
Preloading 0 native plugins for Editor in 0.00 ms.
Mono: successfully reloaded assembly
- Completed reload, in  1.251 seconds
Domain Reload Profiling:
	ReloadAssembly (1251ms)
		BeginReloadAssembly (117ms)
			ExecutionOrderSort (0ms)
			DisableScriptedObjects (5ms)
			BackupInstance (0ms)
			ReleaseScriptingObjects (0ms)
			CreateAndSetChildDomain (42ms)
		EndReloadAssembly (1076ms)
			LoadAssemblies (95ms)
			RebuildTransferFunctionScriptingTraits (0ms)
			SetupTypeCache (291ms)
			ReleaseScriptCaches (1ms)
			RebuildScriptCaches (63ms)
			SetupLoadedEditorAssemblies (509ms)
				LogAssemblyErrors (0ms)
				InitializePlatformSupportModulesInManaged (5ms)
				SetLoadedEditorAssemblies (0ms)
				RefreshPlugins (1ms)
				BeforeProcessingInitializeOnLoad (84ms)
				ProcessInitializeOnLoadAttributes (406ms)
				ProcessInitializeOnLoadMethodAttributes (4ms)
				AfterProcessingInitializeOnLoad (8ms)
				EditorAssembliesLoaded (0ms)
			ExecutionOrderSort2 (0ms)
			AwakeInstancesAfterBackupRestoration (9ms)
Platform modules already initialized, skipping
Switching build target platform(19) subTarget(0) extendedPlatform(0) -> platform(13) subTarget(537395200) extendedPlatform(0)
Refreshing native plugins compatible for Editor in 0.89 ms, found 2 plugins.
Preloading 0 native plugins for Editor in 0.00 ms.
Unloading 3300 Unused Serialized files (Serialized files now loaded: 0)
System memory in use before: 138.5 MB.
System memory in use after: 138.7 MB.

Unloading 15 unused Assets to reduce memory usage. Loaded Objects now: 3854.
Total: 3.494400 ms (FindLiveObjects: 0.292100 ms CreateObjectMapping: 0.148000 ms MarkObjects: 3.039700 ms  DeleteObjects: 0.013900 ms)

AssetImportParameters requested are different than current active one (requested -> active):
  custom:framework-win-MediaFoundation: 216162199b28c13a410421893ffa2e32 -> 
  custom:video-decoder-ogg-theora: a1e56fd34408186e4bbccfd4996cb3dc -> 
  custom:container-muxer-webm: aa71ff27fc2769a1b78a27578f13a17b -> 
  custom:container-demuxer-webm: 4f35f7cbe854078d1ac9338744f61a02 -> 
  custom:container-demuxer-ogg: 62fdf1f143b41e24485cea50d1cbac27 -> 
  custom:video-encoder-webm-vp8: eb34c28f22e8b96e1ab97ce403110664 -> 
  custom:video-codec-MediaFoundation-h265: 746d11721c4dcdbdad8f713fa42b33f4 -> 
  custom:video-decoder-webm-vp8: 9c59270c3fd7afecdb556c50c9e8de78 -> 
  custom:graphics/normal-map-encoding: 01000000000000000000000000000000 -> 02000000000000000000000000000000
  custom:audio-decoder-ogg-vorbis: bf7c407c2cedff20999df2af8eb42d56 -> 
  custom:audio-encoder-webm-vorbis: bf7c407c2cedff20999df2af8eb42d56 -> 
========================================================================
Received Import Request.
  Time since last request: 150.617927 seconds.
  path: Assets/Game/scripts/EnemyScript.cs
  artifactKey: Guid(07826fbcbb8a78248a8f6e4ee706ad43) Importer(815301076,1909f56bfc062723c751e8b465ee728b)
Start importing Assets/Game/scripts/EnemyScript.cs using Guid(07826fbcbb8a78248a8f6e4ee706ad43) Importer(815301076,1909f56bfc062723c751e8b465ee728b)  -> (artifact id: 'ecf8003e7b6876276f4b5fc9c86f47e6') in 0.005412 seconds 
  Import took 0.012428 seconds .

========================================================================
Received Prepare
Registering precompiled user dll's ...
Registered in 0.004906 seconds.
Begin MonoManager ReloadAssembly
Native extension for Lumin target not found
Native extension for WindowsStandalone target not found
Native extension for WebGL target not found
Refreshing native plugins compatible for Editor in 0.58 ms, found 2 plugins.
Preloading 0 native plugins for Editor in 0.00 ms.
Mono: successfully reloaded assembly
- Completed reload, in  1.274 seconds
Domain Reload Profiling:
	ReloadAssembly (1275ms)
		BeginReloadAssembly (120ms)
			ExecutionOrderSort (0ms)
			DisableScriptedObjects (4ms)
			BackupInstance (0ms)
			ReleaseScriptingObjects (0ms)
			CreateAndSetChildDomain (38ms)
		EndReloadAssembly (1096ms)
			LoadAssemblies (93ms)
			RebuildTransferFunctionScriptingTraits (0ms)
			SetupTypeCache (304ms)
			ReleaseScriptCaches (1ms)
			RebuildScriptCaches (64ms)
			SetupLoadedEditorAssemblies (511ms)
				LogAssemblyErrors (0ms)
				InitializePlatformSupportModulesInManaged (5ms)
				SetLoadedEditorAssemblies (0ms)
				RefreshPlugins (1ms)
				BeforeProcessingInitializeOnLoad (84ms)
				ProcessInitializeOnLoadAttributes (407ms)
				ProcessInitializeOnLoadMethodAttributes (4ms)
				AfterProcessingInitializeOnLoad (9ms)
				EditorAssembliesLoaded (0ms)
			ExecutionOrderSort2 (0ms)
			AwakeInstancesAfterBackupRestoration (9ms)
Platform modules already initialized, skipping
Switching build target platform(19) subTarget(0) extendedPlatform(0) -> platform(13) subTarget(537395200) extendedPlatform(0)
Refreshing native plugins compatible for Editor in 0.63 ms, found 2 plugins.
Preloading 0 native plugins for Editor in 0.00 ms.
Unloading 3300 Unused Serialized files (Serialized files now loaded: 0)
System memory in use before: 138.5 MB.
System memory in use after: 138.8 MB.

Unloading 15 unused Assets to reduce memory usage. Loaded Objects now: 3856.
Total: 3.423400 ms (FindLiveObjects: 0.338600 ms CreateObjectMapping: 0.169300 ms MarkObjects: 2.899900 ms  DeleteObjects: 0.014700 ms)

AssetImportParameters requested are different than current active one (requested -> active):
  custom:framework-win-MediaFoundation: 216162199b28c13a410421893ffa2e32 -> 
  custom:video-decoder-ogg-theora: a1e56fd34408186e4bbccfd4996cb3dc -> 
  custom:container-muxer-webm: aa71ff27fc2769a1b78a27578f13a17b -> 
  custom:container-demuxer-webm: 4f35f7cbe854078d1ac9338744f61a02 -> 
  custom:container-demuxer-ogg: 62fdf1f143b41e24485cea50d1cbac27 -> 
  custom:video-encoder-webm-vp8: eb34c28f22e8b96e1ab97ce403110664 -> 
  custom:video-codec-MediaFoundation-h265: 746d11721c4dcdbdad8f713fa42b33f4 -> 
  custom:video-decoder-webm-vp8: 9c59270c3fd7afecdb556c50c9e8de78 -> 
  custom:graphics/normal-map-encoding: 01000000000000000000000000000000 -> 02000000000000000000000000000000
  custom:audio-decoder-ogg-vorbis: bf7c407c2cedff20999df2af8eb42d56 -> 
  custom:audio-encoder-webm-vorbis: bf7c407c2cedff20999df2af8eb42d56 -> 
========================================================================
Received Import Request.
  Time since last request: 23.458947 seconds.
  path: Assets/Game/scripts/EnemyScript.cs
  artifactKey: Guid(07826fbcbb8a78248a8f6e4ee706ad43) Importer(815301076,1909f56bfc062723c751e8b465ee728b)
Start importing Assets/Game/scripts/EnemyScript.cs using Guid(07826fbcbb8a78248a8f6e4ee706ad43) Importer(815301076,1909f56bfc062723c751e8b465ee728b)  -> (artifact id: '8cbd9e2a85e88c647d085fcd01e53502') in 0.005465 seconds 
  Import took 0.010713 seconds .

========================================================================
Received Import Request.
  Time since last request: 63.753415 seconds.
  path: ProjectSettings/TagManager.asset
  artifactKey: Guid(00000000000000003000000000000000) Importer(815301076,1909f56bfc062723c751e8b465ee728b)
Start importing ProjectSettings/TagManager.asset using Guid(00000000000000003000000000000000) Importer(815301076,1909f56bfc062723c751e8b465ee728b)  -> (artifact id: '43d6cec75fa070e1589d7fdb44ae0be9') in 0.020798 seconds 
  Import took 0.027581 seconds .

========================================================================
Received Import Request.
  Time since last request: 0.002719 seconds.
  path: ProjectSettings/TagManager.asset
  artifactKey: Guid(00000000000000003000000000000000) Importer(815301076,1909f56bfc062723c751e8b465ee728b)
Start importing ProjectSettings/TagManager.asset using Guid(00000000000000003000000000000000) Importer(815301076,1909f56bfc062723c751e8b465ee728b)  -> (artifact id: '43d6cec75fa070e1589d7fdb44ae0be9') in 0.003416 seconds 
  Import took 0.009814 seconds .

========================================================================
Received Prepare
Registering precompiled user dll's ...
Registered in 0.004750 seconds.
Begin MonoManager ReloadAssembly
Native extension for Lumin target not found
Native extension for WindowsStandalone target not found
Native extension for WebGL target not found
Refreshing native plugins compatible for Editor in 0.99 ms, found 2 plugins.
Preloading 0 native plugins for Editor in 0.00 ms.
Mono: successfully reloaded assembly
- Completed reload, in  1.263 seconds
Domain Reload Profiling:
	ReloadAssembly (1263ms)
		BeginReloadAssembly (103ms)
			ExecutionOrderSort (0ms)
			DisableScriptedObjects (4ms)
			BackupInstance (0ms)
			ReleaseScriptingObjects (0ms)
			CreateAndSetChildDomain (32ms)
		EndReloadAssembly (1103ms)
			LoadAssemblies (91ms)
			RebuildTransferFunctionScriptingTraits (0ms)
			SetupTypeCache (291ms)
			ReleaseScriptCaches (2ms)
			RebuildScriptCaches (62ms)
			SetupLoadedEditorAssemblies (522ms)
				LogAssemblyErrors (0ms)
				InitializePlatformSupportModulesInManaged (6ms)
				SetLoadedEditorAssemblies (1ms)
				RefreshPlugins (1ms)
				BeforeProcessingInitializeOnLoad (86ms)
				ProcessInitializeOnLoadAttributes (416ms)
				ProcessInitializeOnLoadMethodAttributes (5ms)
				AfterProcessingInitializeOnLoad (8ms)
				EditorAssembliesLoaded (0ms)
			ExecutionOrderSort2 (0ms)
			AwakeInstancesAfterBackupRestoration (8ms)
Platform modules already initialized, skipping
Switching build target platform(19) subTarget(0) extendedPlatform(0) -> platform(13) subTarget(537395200) extendedPlatform(0)
Refreshing native plugins compatible for Editor in 0.56 ms, found 2 plugins.
Preloading 0 native plugins for Editor in 0.00 ms.
Unloading 3300 Unused Serialized files (Serialized files now loaded: 0)
System memory in use before: 138.6 MB.
System memory in use after: 138.8 MB.

Unloading 17 unused Assets to reduce memory usage. Loaded Objects now: 3858.
Total: 3.757600 ms (FindLiveObjects: 0.285600 ms CreateObjectMapping: 0.140600 ms MarkObjects: 3.313300 ms  DeleteObjects: 0.017300 ms)

AssetImportParameters requested are different than current active one (requested -> active):
  custom:framework-win-MediaFoundation: 216162199b28c13a410421893ffa2e32 -> 
  custom:video-decoder-ogg-theora: a1e56fd34408186e4bbccfd4996cb3dc -> 
  custom:container-muxer-webm: aa71ff27fc2769a1b78a27578f13a17b -> 
  custom:container-demuxer-webm: 4f35f7cbe854078d1ac9338744f61a02 -> 
  custom:container-demuxer-ogg: 62fdf1f143b41e24485cea50d1cbac27 -> 
  custom:video-encoder-webm-vp8: eb34c28f22e8b96e1ab97ce403110664 -> 
  custom:video-codec-MediaFoundation-h265: 746d11721c4dcdbdad8f713fa42b33f4 -> 
  custom:video-decoder-webm-vp8: 9c59270c3fd7afecdb556c50c9e8de78 -> 
  custom:graphics/normal-map-encoding: 01000000000000000000000000000000 -> 02000000000000000000000000000000
  custom:audio-decoder-ogg-vorbis: bf7c407c2cedff20999df2af8eb42d56 -> 
  custom:audio-encoder-webm-vorbis: bf7c407c2cedff20999df2af8eb42d56 -> 
========================================================================
Received Prepare
Registering precompiled user dll's ...
Registered in 0.005001 seconds.
Begin MonoManager ReloadAssembly
Native extension for Lumin target not found
Native extension for WindowsStandalone target not found
Native extension for WebGL target not found
Refreshing native plugins compatible for Editor in 0.99 ms, found 2 plugins.
Preloading 0 native plugins for Editor in 0.00 ms.
Mono: successfully reloaded assembly
- Completed reload, in  1.266 seconds
Domain Reload Profiling:
	ReloadAssembly (1266ms)
		BeginReloadAssembly (103ms)
			ExecutionOrderSort (0ms)
			DisableScriptedObjects (5ms)
			BackupInstance (0ms)
			ReleaseScriptingObjects (0ms)
			CreateAndSetChildDomain (32ms)
		EndReloadAssembly (1106ms)
			LoadAssemblies (93ms)
			RebuildTransferFunctionScriptingTraits (0ms)
			SetupTypeCache (297ms)
			ReleaseScriptCaches (1ms)
			RebuildScriptCaches (62ms)
			SetupLoadedEditorAssemblies (513ms)
				LogAssemblyErrors (0ms)
				InitializePlatformSupportModulesInManaged (7ms)
				SetLoadedEditorAssemblies (1ms)
				RefreshPlugins (1ms)
				BeforeProcessingInitializeOnLoad (98ms)
				ProcessInitializeOnLoadAttributes (394ms)
				ProcessInitializeOnLoadMethodAttributes (4ms)
				AfterProcessingInitializeOnLoad (8ms)
				EditorAssembliesLoaded (0ms)
			ExecutionOrderSort2 (0ms)
			AwakeInstancesAfterBackupRestoration (11ms)
Platform modules already initialized, skipping
Switching build target platform(19) subTarget(0) extendedPlatform(0) -> platform(13) subTarget(537395200) extendedPlatform(0)
Refreshing native plugins compatible for Editor in 0.60 ms, found 2 plugins.
Preloading 0 native plugins for Editor in 0.00 ms.
Unloading 3300 Unused Serialized files (Serialized files now loaded: 0)
System memory in use before: 138.6 MB.
System memory in use after: 138.8 MB.

Unloading 15 unused Assets to reduce memory usage. Loaded Objects now: 3860.
Total: 3.795400 ms (FindLiveObjects: 0.289400 ms CreateObjectMapping: 0.138200 ms MarkObjects: 3.351800 ms  DeleteObjects: 0.015200 ms)

AssetImportParameters requested are different than current active one (requested -> active):
  custom:framework-win-MediaFoundation: 216162199b28c13a410421893ffa2e32 -> 
  custom:video-decoder-ogg-theora: a1e56fd34408186e4bbccfd4996cb3dc -> 
  custom:container-muxer-webm: aa71ff27fc2769a1b78a27578f13a17b -> 
  custom:container-demuxer-webm: 4f35f7cbe854078d1ac9338744f61a02 -> 
  custom:container-demuxer-ogg: 62fdf1f143b41e24485cea50d1cbac27 -> 
  custom:video-encoder-webm-vp8: eb34c28f22e8b96e1ab97ce403110664 -> 
  custom:video-codec-MediaFoundation-h265: 746d11721c4dcdbdad8f713fa42b33f4 -> 
  custom:video-decoder-webm-vp8: 9c59270c3fd7afecdb556c50c9e8de78 -> 
  custom:graphics/normal-map-encoding: 01000000000000000000000000000000 -> 02000000000000000000000000000000
  custom:audio-decoder-ogg-vorbis: bf7c407c2cedff20999df2af8eb42d56 -> 
  custom:audio-encoder-webm-vorbis: bf7c407c2cedff20999df2af8eb42d56 -> 
========================================================================
Received Prepare
Registering precompiled user dll's ...
Registered in 0.004999 seconds.
Begin MonoManager ReloadAssembly
Native extension for Lumin target not found
Native extension for WindowsStandalone target not found
Native extension for WebGL target not found
Refreshing native plugins compatible for Editor in 0.55 ms, found 2 plugins.
Preloading 0 native plugins for Editor in 0.00 ms.
Mono: successfully reloaded assembly
- Completed reload, in  1.273 seconds
Domain Reload Profiling:
	ReloadAssembly (1274ms)
		BeginReloadAssembly (115ms)
			ExecutionOrderSort (0ms)
			DisableScriptedObjects (3ms)
			BackupInstance (0ms)
			ReleaseScriptingObjects (0ms)
			CreateAndSetChildDomain (33ms)
		EndReloadAssembly (1103ms)
			LoadAssemblies (94ms)
			RebuildTransferFunctionScriptingTraits (0ms)
			SetupTypeCache (291ms)
			ReleaseScriptCaches (1ms)
			RebuildScriptCaches (60ms)
			SetupLoadedEditorAssemblies (508ms)
				LogAssemblyErrors (0ms)
				InitializePlatformSupportModulesInManaged (5ms)
				SetLoadedEditorAssemblies (0ms)
				RefreshPlugins (1ms)
				BeforeProcessingInitializeOnLoad (81ms)
				ProcessInitializeOnLoadAttributes (408ms)
				ProcessInitializeOnLoadMethodAttributes (4ms)
				AfterProcessingInitializeOnLoad (8ms)
				EditorAssembliesLoaded (0ms)
			ExecutionOrderSort2 (0ms)
			AwakeInstancesAfterBackupRestoration (8ms)
Platform modules already initialized, skipping
Switching build target platform(19) subTarget(0) extendedPlatform(0) -> platform(13) subTarget(537395200) extendedPlatform(0)
Refreshing native plugins compatible for Editor in 0.68 ms, found 2 plugins.
Preloading 0 native plugins for Editor in 0.00 ms.
Unloading 3300 Unused Serialized files (Serialized files now loaded: 0)
System memory in use before: 138.6 MB.
System memory in use after: 138.8 MB.

Unloading 15 unused Assets to reduce memory usage. Loaded Objects now: 3862.
Total: 3.853000 ms (FindLiveObjects: 0.274000 ms CreateObjectMapping: 0.153900 ms MarkObjects: 3.406100 ms  DeleteObjects: 0.017700 ms)

AssetImportParameters requested are different than current active one (requested -> active):
  custom:framework-win-MediaFoundation: 216162199b28c13a410421893ffa2e32 -> 
  custom:video-decoder-ogg-theora: a1e56fd34408186e4bbccfd4996cb3dc -> 
  custom:container-muxer-webm: aa71ff27fc2769a1b78a27578f13a17b -> 
  custom:container-demuxer-webm: 4f35f7cbe854078d1ac9338744f61a02 -> 
  custom:container-demuxer-ogg: 62fdf1f143b41e24485cea50d1cbac27 -> 
  custom:video-encoder-webm-vp8: eb34c28f22e8b96e1ab97ce403110664 -> 
  custom:video-codec-MediaFoundation-h265: 746d11721c4dcdbdad8f713fa42b33f4 -> 
  custom:video-decoder-webm-vp8: 9c59270c3fd7afecdb556c50c9e8de78 -> 
  custom:graphics/normal-map-encoding: 01000000000000000000000000000000 -> 02000000000000000000000000000000
  custom:audio-decoder-ogg-vorbis: bf7c407c2cedff20999df2af8eb42d56 -> 
  custom:audio-encoder-webm-vorbis: bf7c407c2cedff20999df2af8eb42d56 -> 
========================================================================
Received Prepare
Registering precompiled user dll's ...
Registered in 0.004743 seconds.
Begin MonoManager ReloadAssembly
Native extension for Lumin target not found
Native extension for WindowsStandalone target not found
Native extension for WebGL target not found
Refreshing native plugins compatible for Editor in 0.63 ms, found 2 plugins.
Preloading 0 native plugins for Editor in 0.00 ms.
Mono: successfully reloaded assembly
- Completed reload, in  1.322 seconds
Domain Reload Profiling:
	ReloadAssembly (1322ms)
		BeginReloadAssembly (119ms)
			ExecutionOrderSort (0ms)
			DisableScriptedObjects (4ms)
			BackupInstance (0ms)
			ReleaseScriptingObjects (0ms)
			CreateAndSetChildDomain (34ms)
		EndReloadAssembly (1143ms)
			LoadAssemblies (97ms)
			RebuildTransferFunctionScriptingTraits (0ms)
			SetupTypeCache (304ms)
			ReleaseScriptCaches (1ms)
			RebuildScriptCaches (63ms)
			SetupLoadedEditorAssemblies (520ms)
				LogAssemblyErrors (0ms)
				InitializePlatformSupportModulesInManaged (5ms)
				SetLoadedEditorAssemblies (0ms)
				RefreshPlugins (1ms)
				BeforeProcessingInitializeOnLoad (90ms)
				ProcessInitializeOnLoadAttributes (411ms)
				ProcessInitializeOnLoadMethodAttributes (4ms)
				AfterProcessingInitializeOnLoad (8ms)
				EditorAssembliesLoaded (0ms)
			ExecutionOrderSort2 (0ms)
			AwakeInstancesAfterBackupRestoration (9ms)
Platform modules already initialized, skipping
Switching build target platform(19) subTarget(0) extendedPlatform(0) -> platform(13) subTarget(537395200) extendedPlatform(0)
Refreshing native plugins compatible for Editor in 0.61 ms, found 2 plugins.
Preloading 0 native plugins for Editor in 0.00 ms.
Unloading 3300 Unused Serialized files (Serialized files now loaded: 0)
System memory in use before: 138.6 MB.
System memory in use after: 138.8 MB.

Unloading 15 unused Assets to reduce memory usage. Loaded Objects now: 3864.
Total: 3.672600 ms (FindLiveObjects: 0.293500 ms CreateObjectMapping: 0.150800 ms MarkObjects: 3.210000 ms  DeleteObjects: 0.017600 ms)

AssetImportParameters requested are different than current active one (requested -> active):
  custom:framework-win-MediaFoundation: 216162199b28c13a410421893ffa2e32 -> 
  custom:video-decoder-ogg-theora: a1e56fd34408186e4bbccfd4996cb3dc -> 
  custom:container-muxer-webm: aa71ff27fc2769a1b78a27578f13a17b -> 
  custom:container-demuxer-webm: 4f35f7cbe854078d1ac9338744f61a02 -> 
  custom:container-demuxer-ogg: 62fdf1f143b41e24485cea50d1cbac27 -> 
  custom:video-encoder-webm-vp8: eb34c28f22e8b96e1ab97ce403110664 -> 
  custom:video-codec-MediaFoundation-h265: 746d11721c4dcdbdad8f713fa42b33f4 -> 
  custom:video-decoder-webm-vp8: 9c59270c3fd7afecdb556c50c9e8de78 -> 
  custom:graphics/normal-map-encoding: 01000000000000000000000000000000 -> 02000000000000000000000000000000
  custom:audio-decoder-ogg-vorbis: bf7c407c2cedff20999df2af8eb42d56 -> 
  custom:audio-encoder-webm-vorbis: bf7c407c2cedff20999df2af8eb42d56 -> 
========================================================================
Received Import Request.
  Time since last request: 1356.325388 seconds.
  path: Assets/Game/minimap
  artifactKey: Guid(2d883d5dbae600b4fae81e6a6c0853b9) Importer(815301076,1909f56bfc062723c751e8b465ee728b)
Start importing Assets/Game/minimap using Guid(2d883d5dbae600b4fae81e6a6c0853b9) Importer(815301076,1909f56bfc062723c751e8b465ee728b)  -> (artifact id: '2e08dc20df70b4308451dc5353c8a218') in 0.012339 seconds 
  Import took 0.019742 seconds .

========================================================================
Received Import Request.
  Time since last request: 12.086975 seconds.
  path: Assets/Game/minimap/MiniMap.renderTexture
  artifactKey: Guid(916d209ebaba56448b749966e2a8b789) Importer(815301076,1909f56bfc062723c751e8b465ee728b)
Start importing Assets/Game/minimap/MiniMap.renderTexture using Guid(916d209ebaba56448b749966e2a8b789) Importer(815301076,1909f56bfc062723c751e8b465ee728b)  -> (artifact id: 'c707441ef97b82758899450816ef854b') in 0.059047 seconds 
  Import took 0.064593 seconds .

========================================================================
Received Prepare
Registering precompiled user dll's ...
Registered in 0.004934 seconds.
Begin MonoManager ReloadAssembly
Native extension for Lumin target not found
Native extension for WindowsStandalone target not found
Native extension for WebGL target not found
Refreshing native plugins compatible for Editor in 0.60 ms, found 2 plugins.
Preloading 0 native plugins for Editor in 0.00 ms.
Mono: successfully reloaded assembly
- Completed reload, in  1.341 seconds
Domain Reload Profiling:
	ReloadAssembly (1341ms)
		BeginReloadAssembly (110ms)
			ExecutionOrderSort (0ms)
			DisableScriptedObjects (4ms)
			BackupInstance (0ms)
			ReleaseScriptingObjects (0ms)
			CreateAndSetChildDomain (34ms)
		EndReloadAssembly (1171ms)
			LoadAssemblies (94ms)
			RebuildTransferFunctionScriptingTraits (0ms)
			SetupTypeCache (314ms)
			ReleaseScriptCaches (2ms)
			RebuildScriptCaches (64ms)
			SetupLoadedEditorAssemblies (525ms)
				LogAssemblyErrors (0ms)
				InitializePlatformSupportModulesInManaged (6ms)
				SetLoadedEditorAssemblies (0ms)
				RefreshPlugins (1ms)
				BeforeProcessingInitializeOnLoad (93ms)
				ProcessInitializeOnLoadAttributes (413ms)
				ProcessInitializeOnLoadMethodAttributes (4ms)
				AfterProcessingInitializeOnLoad (8ms)
				EditorAssembliesLoaded (0ms)
			ExecutionOrderSort2 (0ms)
			AwakeInstancesAfterBackupRestoration (8ms)
Platform modules already initialized, skipping
Switching build target platform(19) subTarget(0) extendedPlatform(0) -> platform(13) subTarget(537395200) extendedPlatform(0)
Refreshing native plugins compatible for Editor in 0.58 ms, found 2 plugins.
Preloading 0 native plugins for Editor in 0.00 ms.
Unloading 3300 Unused Serialized files (Serialized files now loaded: 0)
System memory in use before: 141.5 MB.
System memory in use after: 141.8 MB.

Unloading 15 unused Assets to reduce memory usage. Loaded Objects now: 3871.
Total: 3.670700 ms (FindLiveObjects: 0.291200 ms CreateObjectMapping: 0.191700 ms MarkObjects: 3.172300 ms  DeleteObjects: 0.014800 ms)

AssetImportParameters requested are different than current active one (requested -> active):
  custom:framework-win-MediaFoundation: 216162199b28c13a410421893ffa2e32 -> 
  custom:video-decoder-ogg-theora: a1e56fd34408186e4bbccfd4996cb3dc -> 
  custom:container-muxer-webm: aa71ff27fc2769a1b78a27578f13a17b -> 
  custom:container-demuxer-webm: 4f35f7cbe854078d1ac9338744f61a02 -> 
  custom:container-demuxer-ogg: 62fdf1f143b41e24485cea50d1cbac27 -> 
  custom:video-encoder-webm-vp8: eb34c28f22e8b96e1ab97ce403110664 -> 
  custom:video-codec-MediaFoundation-h265: 746d11721c4dcdbdad8f713fa42b33f4 -> 
  custom:video-decoder-webm-vp8: 9c59270c3fd7afecdb556c50c9e8de78 -> 
  custom:graphics/normal-map-encoding: 01000000000000000000000000000000 -> 02000000000000000000000000000000
  custom:audio-decoder-ogg-vorbis: bf7c407c2cedff20999df2af8eb42d56 -> 
  custom:audio-encoder-webm-vorbis: bf7c407c2cedff20999df2af8eb42d56 -> 
========================================================================
Received Import Request.
  Time since last request: 606.604824 seconds.
  path: Assets/Game/minimap/MiniMap.renderTexture
  artifactKey: Guid(916d209ebaba56448b749966e2a8b789) Importer(815301076,1909f56bfc062723c751e8b465ee728b)
Start importing Assets/Game/minimap/MiniMap.renderTexture using Guid(916d209ebaba56448b749966e2a8b789) Importer(815301076,1909f56bfc062723c751e8b465ee728b)  -> (artifact id: '5992b256e20f4f41f49199bde119a37a') in 0.031176 seconds 
  Import took 0.036889 seconds .

========================================================================
Received Prepare
Registering precompiled user dll's ...
Registered in 0.029798 seconds.
Begin MonoManager ReloadAssembly
Native extension for Lumin target not found
Native extension for WindowsStandalone target not found
Native extension for WebGL target not found
Refreshing native plugins compatible for Editor in 0.60 ms, found 2 plugins.
Preloading 0 native plugins for Editor in 0.00 ms.
[ScriptCompilation] NOT recompiling all scripts because this is an import worker process. Reason to compile was: Define symbols changed
Mono: successfully reloaded assembly
- Completed reload, in  1.294 seconds
Domain Reload Profiling:
	ReloadAssembly (1295ms)
		BeginReloadAssembly (114ms)
			ExecutionOrderSort (0ms)
			DisableScriptedObjects (4ms)
			BackupInstance (0ms)
			ReleaseScriptingObjects (0ms)
			CreateAndSetChildDomain (34ms)
		EndReloadAssembly (1125ms)
			LoadAssemblies (90ms)
			RebuildTransferFunctionScriptingTraits (0ms)
			SetupTypeCache (292ms)
			ReleaseScriptCaches (1ms)
			RebuildScriptCaches (60ms)
			SetupLoadedEditorAssemblies (512ms)
				LogAssemblyErrors (0ms)
				InitializePlatformSupportModulesInManaged (5ms)
				SetLoadedEditorAssemblies (0ms)
				RefreshPlugins (1ms)
				BeforeProcessingInitializeOnLoad (83ms)
				ProcessInitializeOnLoadAttributes (412ms)
				ProcessInitializeOnLoadMethodAttributes (4ms)
				AfterProcessingInitializeOnLoad (8ms)
				EditorAssembliesLoaded (0ms)
			ExecutionOrderSort2 (0ms)
			AwakeInstancesAfterBackupRestoration (8ms)
Platform modules already initialized, skipping
Switching build target platform(19) subTarget(0) extendedPlatform(0) -> platform(13) subTarget(537395200) extendedPlatform(0)
Refreshing native plugins compatible for Editor in 0.58 ms, found 2 plugins.
Preloading 0 native plugins for Editor in 0.00 ms.
Unloading 3420 Unused Serialized files (Serialized files now loaded: 0)
System memory in use before: 149.5 MB.
System memory in use after: 147.7 MB.

Unloading 42 unused Assets to reduce memory usage. Loaded Objects now: 3967.
Total: 4.217700 ms (FindLiveObjects: 0.306000 ms CreateObjectMapping: 0.148100 ms MarkObjects: 3.159200 ms  DeleteObjects: 0.603600 ms)

AssetImportParameters requested are different than current active one (requested -> active):
  custom:framework-win-MediaFoundation: 216162199b28c13a410421893ffa2e32 -> 
  custom:video-decoder-ogg-theora: a1e56fd34408186e4bbccfd4996cb3dc -> 
  custom:container-muxer-webm: aa71ff27fc2769a1b78a27578f13a17b -> 
  custom:container-demuxer-webm: 4f35f7cbe854078d1ac9338744f61a02 -> 
  custom:container-demuxer-ogg: 62fdf1f143b41e24485cea50d1cbac27 -> 
  custom:video-encoder-webm-vp8: eb34c28f22e8b96e1ab97ce403110664 -> 
  custom:video-codec-MediaFoundation-h265: 746d11721c4dcdbdad8f713fa42b33f4 -> 
  custom:video-decoder-webm-vp8: 9c59270c3fd7afecdb556c50c9e8de78 -> 
  custom:graphics/normal-map-encoding: 01000000000000000000000000000000 -> 02000000000000000000000000000000
  custom:audio-decoder-ogg-vorbis: bf7c407c2cedff20999df2af8eb42d56 -> 
  custom:audio-encoder-webm-vorbis: bf7c407c2cedff20999df2af8eb42d56 -> 
========================================================================
Received Import Request.
  Time since last request: 297.750455 seconds.
  path: Assets/Game/URP Folder/Post-processing Profile.asset
  artifactKey: Guid(75a8fb1be3155364abbd78628d7fd1d1) Importer(815301076,1909f56bfc062723c751e8b465ee728b)
Start importing Assets/Game/URP Folder/Post-processing Profile.asset using Guid(75a8fb1be3155364abbd78628d7fd1d1) Importer(815301076,1909f56bfc062723c751e8b465ee728b)  -> (artifact id: 'ad37c822cae3613d26789d759542eeb2') in 0.018733 seconds 
  Import took 0.024890 seconds .

========================================================================
Received Import Request.
  Time since last request: 52.496971 seconds.
  path: Assets/Downtown Game Studio/HYPERCASUAL - Simple Female & Male Characters/Scenes/SampleScene_Profiles/Main Camera Profile.asset
  artifactKey: Guid(74787333d29a2c34998cf87151414655) Importer(815301076,1909f56bfc062723c751e8b465ee728b)
Start importing Assets/Downtown Game Studio/HYPERCASUAL - Simple Female & Male Characters/Scenes/SampleScene_Profiles/Main Camera Profile.asset using Guid(74787333d29a2c34998cf87151414655) Importer(815301076,1909f56bfc062723c751e8b465ee728b)  -> (artifact id: '6be7ac79af9663a1588159bb37b7f9db') in 0.016153 seconds 
  Import took 0.022183 seconds .

========================================================================
Received Import Request.
  Time since last request: 0.000217 seconds.
  path: Assets/Low-Poly Style Nature/Scenes/Post-processing Profile.asset
  artifactKey: Guid(6c4276f58f6aa48788828e2591678c8d) Importer(815301076,1909f56bfc062723c751e8b465ee728b)
Start importing Assets/Low-Poly Style Nature/Scenes/Post-processing Profile.asset using Guid(6c4276f58f6aa48788828e2591678c8d) Importer(815301076,1909f56bfc062723c751e8b465ee728b)  -> (artifact id: 'a89659b6fc17d51b79c39da4e5dad92e') in 0.004868 seconds 
  Import took 0.010364 seconds .

========================================================================
Received Import Request.
  Time since last request: 0.000194 seconds.
  path: Assets/Downtown Game Studio/HYPERCASUAL - Simple Female & Male Characters/Scenes/SampleScene_Profiles/Main Camera Profile.asset
  artifactKey: Guid(74787333d29a2c34998cf87151414655) Importer(815301076,1909f56bfc062723c751e8b465ee728b)
Start importing Assets/Downtown Game Studio/HYPERCASUAL - Simple Female & Male Characters/Scenes/SampleScene_Profiles/Main Camera Profile.asset using Guid(74787333d29a2c34998cf87151414655) Importer(815301076,1909f56bfc062723c751e8b465ee728b)  -> (artifact id: '6be7ac79af9663a1588159bb37b7f9db') in 0.002815 seconds 
  Import took 0.009283 seconds .

========================================================================
Received Import Request.
  Time since last request: 57.739576 seconds.
  path: ProjectSettings/TagManager.asset
  artifactKey: Guid(00000000000000003000000000000000) Importer(815301076,1909f56bfc062723c751e8b465ee728b)
Start importing ProjectSettings/TagManager.asset using Guid(00000000000000003000000000000000) Importer(815301076,1909f56bfc062723c751e8b465ee728b)  -> (artifact id: '082be970eae9c1174264aa03c690e8f2') in 0.007435 seconds 
  Import took 0.013909 seconds .

========================================================================
Received Import Request.
  Time since last request: 0.000811 seconds.
  path: ProjectSettings/TagManager.asset
  artifactKey: Guid(00000000000000003000000000000000) Importer(815301076,1909f56bfc062723c751e8b465ee728b)
Start importing ProjectSettings/TagManager.asset using Guid(00000000000000003000000000000000) Importer(815301076,1909f56bfc062723c751e8b465ee728b)  -> (artifact id: '082be970eae9c1174264aa03c690e8f2') in 0.003038 seconds 
  Import took 0.009225 seconds .

========================================================================
Received Import Request.
  Time since last request: 69.695168 seconds.
  path: Assets/Game/URP Folder/Post-processing Profile.asset
  artifactKey: Guid(75a8fb1be3155364abbd78628d7fd1d1) Importer(815301076,1909f56bfc062723c751e8b465ee728b)
Start importing Assets/Game/URP Folder/Post-processing Profile.asset using Guid(75a8fb1be3155364abbd78628d7fd1d1) Importer(815301076,1909f56bfc062723c751e8b465ee728b)  -> (artifact id: '43586487307f5e02e8a094e63abbae1c') in 0.004763 seconds 
  Import took 0.013269 seconds .

========================================================================
Received Import Request.
  Time since last request: 24.221833 seconds.
  path: Assets/Game/URP Folder/Post-processing Profile.asset
  artifactKey: Guid(75a8fb1be3155364abbd78628d7fd1d1) Importer(815301076,1909f56bfc062723c751e8b465ee728b)
Start importing Assets/Game/URP Folder/Post-processing Profile.asset using Guid(75a8fb1be3155364abbd78628d7fd1d1) Importer(815301076,1909f56bfc062723c751e8b465ee728b)  -> (artifact id: 'f6104a3948a83fd7bf513c1d34bdd7b3') in 0.003435 seconds 
  Import took 0.009742 seconds .

========================================================================
Received Import Request.
  Time since last request: 4.143083 seconds.
  path: Assets/Game/URP Folder/Post-processing Profile.asset
  artifactKey: Guid(75a8fb1be3155364abbd78628d7fd1d1) Importer(815301076,1909f56bfc062723c751e8b465ee728b)
Start importing Assets/Game/URP Folder/Post-processing Profile.asset using Guid(75a8fb1be3155364abbd78628d7fd1d1) Importer(815301076,1909f56bfc062723c751e8b465ee728b)  -> (artifact id: '1714aa50b7087d8dc7c33dcfb4592176') in 0.003678 seconds 
  Import took 0.009358 seconds .

========================================================================
Received Import Request.
  Time since last request: 9.495511 seconds.
  path: Assets/Game/URP Folder/Post-processing Profile.asset
  artifactKey: Guid(75a8fb1be3155364abbd78628d7fd1d1) Importer(815301076,1909f56bfc062723c751e8b465ee728b)
Start importing Assets/Game/URP Folder/Post-processing Profile.asset using Guid(75a8fb1be3155364abbd78628d7fd1d1) Importer(815301076,1909f56bfc062723c751e8b465ee728b)  -> (artifact id: 'e29f904c61cbbd4156d564ab6dbbe10e') in 0.005386 seconds 
  Import took 0.011749 seconds .

========================================================================
Received Import Request.
  Time since last request: 2.206535 seconds.
  path: Assets/Game/URP Folder/Post-processing Profile.asset
  artifactKey: Guid(75a8fb1be3155364abbd78628d7fd1d1) Importer(815301076,1909f56bfc062723c751e8b465ee728b)
Start importing Assets/Game/URP Folder/Post-processing Profile.asset using Guid(75a8fb1be3155364abbd78628d7fd1d1) Importer(815301076,1909f56bfc062723c751e8b465ee728b)  -> (artifact id: '1fa4d4b6060449b85db5c0d02f23a6a8') in 0.012982 seconds 
  Import took 0.019547 seconds .

========================================================================
Received Prepare
Registering precompiled user dll's ...
Registered in 0.004723 seconds.
Begin MonoManager ReloadAssembly
Native extension for Lumin target not found
Native extension for WindowsStandalone target not found
Native extension for WebGL target not found
Refreshing native plugins compatible for Editor in 0.57 ms, found 2 plugins.
Preloading 0 native plugins for Editor in 0.00 ms.
Mono: successfully reloaded assembly
- Completed reload, in  1.284 seconds
Domain Reload Profiling:
	ReloadAssembly (1285ms)
		BeginReloadAssembly (108ms)
			ExecutionOrderSort (0ms)
			DisableScriptedObjects (4ms)
			BackupInstance (0ms)
			ReleaseScriptingObjects (0ms)
			CreateAndSetChildDomain (34ms)
		EndReloadAssembly (1120ms)
			LoadAssemblies (93ms)
			RebuildTransferFunctionScriptingTraits (0ms)
			SetupTypeCache (289ms)
			ReleaseScriptCaches (1ms)
			RebuildScriptCaches (58ms)
			SetupLoadedEditorAssemblies (502ms)
				LogAssemblyErrors (0ms)
				InitializePlatformSupportModulesInManaged (5ms)
				SetLoadedEditorAssemblies (0ms)
				RefreshPlugins (1ms)
				BeforeProcessingInitializeOnLoad (84ms)
				ProcessInitializeOnLoadAttributes (400ms)
				ProcessInitializeOnLoadMethodAttributes (4ms)
				AfterProcessingInitializeOnLoad (8ms)
				EditorAssembliesLoaded (0ms)
			ExecutionOrderSort2 (0ms)
			AwakeInstancesAfterBackupRestoration (8ms)
Platform modules already initialized, skipping
Switching build target platform(19) subTarget(0) extendedPlatform(0) -> platform(13) subTarget(537395200) extendedPlatform(0)
Refreshing native plugins compatible for Editor in 0.64 ms, found 2 plugins.
Preloading 0 native plugins for Editor in 0.00 ms.
Unloading 3420 Unused Serialized files (Serialized files now loaded: 0)
System memory in use before: 149.6 MB.
System memory in use after: 147.7 MB.

Unloading 44 unused Assets to reduce memory usage. Loaded Objects now: 3969.
Total: 4.394600 ms (FindLiveObjects: 0.293000 ms CreateObjectMapping: 0.184900 ms MarkObjects: 3.330300 ms  DeleteObjects: 0.585400 ms)

AssetImportParameters requested are different than current active one (requested -> active):
  custom:framework-win-MediaFoundation: 216162199b28c13a410421893ffa2e32 -> 
  custom:video-decoder-ogg-theora: a1e56fd34408186e4bbccfd4996cb3dc -> 
  custom:container-muxer-webm: aa71ff27fc2769a1b78a27578f13a17b -> 
  custom:container-demuxer-webm: 4f35f7cbe854078d1ac9338744f61a02 -> 
  custom:container-demuxer-ogg: 62fdf1f143b41e24485cea50d1cbac27 -> 
  custom:video-encoder-webm-vp8: eb34c28f22e8b96e1ab97ce403110664 -> 
  custom:video-codec-MediaFoundation-h265: 746d11721c4dcdbdad8f713fa42b33f4 -> 
  custom:video-decoder-webm-vp8: 9c59270c3fd7afecdb556c50c9e8de78 -> 
  custom:graphics/normal-map-encoding: 01000000000000000000000000000000 -> 02000000000000000000000000000000
  custom:audio-decoder-ogg-vorbis: bf7c407c2cedff20999df2af8eb42d56 -> 
  custom:audio-encoder-webm-vorbis: bf7c407c2cedff20999df2af8eb42d56 -> 
========================================================================
Received Import Request.
  Time since last request: 1038.281755 seconds.
  path: Assets/CartoonLowPolyCityLite/Scenes/PostProcessing/PostProcessing_LowPolyCityLite.asset
  artifactKey: Guid(123172507e5b67a44b9357e37b8304b1) Importer(815301076,1909f56bfc062723c751e8b465ee728b)
Start importing Assets/CartoonLowPolyCityLite/Scenes/PostProcessing/PostProcessing_LowPolyCityLite.asset using Guid(123172507e5b67a44b9357e37b8304b1) Importer(815301076,1909f56bfc062723c751e8b465ee728b)  -> (artifact id: '1c091ac11152c7f2b711d083a6947065') in 0.036114 seconds 
  Import took 0.043617 seconds .

========================================================================
Received Import Request.
  Time since last request: 36.733349 seconds.
  path: Assets/CartoonLowPolyCityLite/Scenes/PostProcessing/CartoonLowPolyCityLite-ForwardRenderer.asset
  artifactKey: Guid(354f79032f7fb334f9bbfbd890cb0025) Importer(815301076,1909f56bfc062723c751e8b465ee728b)
Start importing Assets/CartoonLowPolyCityLite/Scenes/PostProcessing/CartoonLowPolyCityLite-ForwardRenderer.asset using Guid(354f79032f7fb334f9bbfbd890cb0025) Importer(815301076,1909f56bfc062723c751e8b465ee728b)  -> (artifact id: '9f18d870442c611a1e92ac4c190abef8') in 0.008723 seconds 
  Import took 0.013925 seconds .

========================================================================
Received Import Request.
  Time since last request: 0.000232 seconds.
  path: Assets/CartoonLowPolyCityLite/Scenes/PostProcessing/CartoonLowPolyCityLite.asset
  artifactKey: Guid(e1b5fde45ba8d914fa4c0df7026d9ace) Importer(815301076,1909f56bfc062723c751e8b465ee728b)
Start importing Assets/CartoonLowPolyCityLite/Scenes/PostProcessing/CartoonLowPolyCityLite.asset using Guid(e1b5fde45ba8d914fa4c0df7026d9ace) Importer(815301076,1909f56bfc062723c751e8b465ee728b)  -> (artifact id: '3a9ef2c929779a63078dd077590b6fc0') in 0.010954 seconds 
  Import took 0.016538 seconds .

========================================================================
Received Import Request.
  Time since last request: 179.069982 seconds.
  path: Assets/Game/URP Folder/New Volume Profile.asset
  artifactKey: Guid(7894700eef98aca4a827bdacb4e9f839) Importer(815301076,1909f56bfc062723c751e8b465ee728b)
Start importing Assets/Game/URP Folder/New Volume Profile.asset using Guid(7894700eef98aca4a827bdacb4e9f839) Importer(815301076,1909f56bfc062723c751e8b465ee728b)  -> (artifact id: '2bb3d15e8d6300d769986b2ae730bdde') in 0.007497 seconds 
  Import took 0.014261 seconds .

========================================================================
Received Import Request.
  Time since last request: 0.000212 seconds.
  path: Assets/Game/URP Folder/Post-processing Profile.asset
  artifactKey: Guid(75a8fb1be3155364abbd78628d7fd1d1) Importer(815301076,1909f56bfc062723c751e8b465ee728b)
Start importing Assets/Game/URP Folder/Post-processing Profile.asset using Guid(75a8fb1be3155364abbd78628d7fd1d1) Importer(815301076,1909f56bfc062723c751e8b465ee728b)  -> (artifact id: '00fcc0dc1e4641e930159707be21e24d') in 0.020501 seconds 
  Import took 0.026567 seconds .

========================================================================
Received Import Request.
  Time since last request: 9.446618 seconds.
  path: Assets/Game/URP Folder/Volume Profile.asset
  artifactKey: Guid(7894700eef98aca4a827bdacb4e9f839) Importer(815301076,1909f56bfc062723c751e8b465ee728b)
Start importing Assets/Game/URP Folder/Volume Profile.asset using Guid(7894700eef98aca4a827bdacb4e9f839) Importer(815301076,1909f56bfc062723c751e8b465ee728b)  -> (artifact id: '2ffcb7a44693ce376e4bd9779cfdd52c') in 0.007451 seconds 
  Import took 0.013999 seconds .

========================================================================
Received Import Request.
  Time since last request: 9.303234 seconds.
  path: Assets/CartoonLowPolyCityLite/Scenes/PostProcessing/PostProcessing_LowPolyCityLite.asset
  artifactKey: Guid(123172507e5b67a44b9357e37b8304b1) Importer(815301076,1909f56bfc062723c751e8b465ee728b)
Start importing Assets/CartoonLowPolyCityLite/Scenes/PostProcessing/PostProcessing_LowPolyCityLite.asset using Guid(123172507e5b67a44b9357e37b8304b1) Importer(815301076,1909f56bfc062723c751e8b465ee728b)  -> (artifact id: 'e5f22566683a0f2fb3d93bd6349717d0') in 0.003009 seconds 
  Import took 0.009003 seconds .

========================================================================
Received Import Request.
  Time since last request: 0.022145 seconds.
  path: Assets/CartoonLowPolyCityLite/Scenes/PostProcessing/PostProcessing_LowPolyCityLite.asset
  artifactKey: Guid(123172507e5b67a44b9357e37b8304b1) Importer(815301076,1909f56bfc062723c751e8b465ee728b)
Start importing Assets/CartoonLowPolyCityLite/Scenes/PostProcessing/PostProcessing_LowPolyCityLite.asset using Guid(123172507e5b67a44b9357e37b8304b1) Importer(815301076,1909f56bfc062723c751e8b465ee728b)  -> (artifact id: 'e5f22566683a0f2fb3d93bd6349717d0') in 0.003378 seconds 
  Import took 0.008393 seconds .

========================================================================
Received Import Request.
  Time since last request: 18.085372 seconds.
  path: Assets/Game/URP Folder/Volume Profile.asset
  artifactKey: Guid(7894700eef98aca4a827bdacb4e9f839) Importer(815301076,1909f56bfc062723c751e8b465ee728b)
Start importing Assets/Game/URP Folder/Volume Profile.asset using Guid(7894700eef98aca4a827bdacb4e9f839) Importer(815301076,1909f56bfc062723c751e8b465ee728b)  -> (artifact id: 'd5c3aa3cb5fdd1279f87981dd443627f') in 0.007365 seconds 
  Import took 0.012387 seconds .

========================================================================
Received Import Request.
  Time since last request: 162.364127 seconds.
  path: Packages/com.unity.render-pipelines.universal/Runtime/Data/PostProcessData.asset
  artifactKey: Guid(41439944d30ece34e96484bdb6645b55) Importer(815301076,1909f56bfc062723c751e8b465ee728b)
Start importing Packages/com.unity.render-pipelines.universal/Runtime/Data/PostProcessData.asset using Guid(41439944d30ece34e96484bdb6645b55) Importer(815301076,1909f56bfc062723c751e8b465ee728b)  -> (artifact id: 'bbac43482e1558872562b570bdb54c16') in 0.007983 seconds 
  Import took 0.015452 seconds .

========================================================================
Received Import Request.
  Time since last request: 0.008529 seconds.
  path: Packages/com.unity.render-pipelines.universal/Runtime/Data/PostProcessData.asset
  artifactKey: Guid(41439944d30ece34e96484bdb6645b55) Importer(815301076,1909f56bfc062723c751e8b465ee728b)
Start importing Packages/com.unity.render-pipelines.universal/Runtime/Data/PostProcessData.asset using Guid(41439944d30ece34e96484bdb6645b55) Importer(815301076,1909f56bfc062723c751e8b465ee728b)  -> (artifact id: 'bbac43482e1558872562b570bdb54c16') in 0.004147 seconds 
  Import took 0.009671 seconds .

========================================================================
Received Import Request.
  Time since last request: 331.750584 seconds.
  path: Assets/Game/URP Folder/Post-processing Profile.asset
  artifactKey: Guid(75a8fb1be3155364abbd78628d7fd1d1) Importer(815301076,1909f56bfc062723c751e8b465ee728b)
Start importing Assets/Game/URP Folder/Post-processing Profile.asset using Guid(75a8fb1be3155364abbd78628d7fd1d1) Importer(815301076,1909f56bfc062723c751e8b465ee728b)  -> (artifact id: '3f7a9a3d0578e917a0b58652e852797a') in 0.004621 seconds 
  Import took 0.010571 seconds .

========================================================================
Received Import Request.
  Time since last request: 1.590539 seconds.
  path: Assets/Game/Scenes/Level 1/NavMesh-NavMesh 1.asset
  artifactKey: Guid(62c56b38811e7614fae656359459dcd7) Importer(815301076,1909f56bfc062723c751e8b465ee728b)
Start importing Assets/Game/Scenes/Level 1/NavMesh-NavMesh 1.asset using Guid(62c56b38811e7614fae656359459dcd7) Importer(815301076,1909f56bfc062723c751e8b465ee728b)  -> (artifact id: '0b4519cfd63d27c672d422b327807b60') in 0.006741 seconds 
  Import took 0.011965 seconds .

========================================================================
Received Import Request.
  Time since last request: 0.000253 seconds.
  path: Assets/Game/Scenes/Level 1/NavMesh-NavMesh.asset
  artifactKey: Guid(7efcc957dedf12a4181935570d86831a) Importer(815301076,1909f56bfc062723c751e8b465ee728b)
Start importing Assets/Game/Scenes/Level 1/NavMesh-NavMesh.asset using Guid(7efcc957dedf12a4181935570d86831a) Importer(815301076,1909f56bfc062723c751e8b465ee728b)  -> (artifact id: '350db080d58ec826a2771de38e776bb3') in 0.013891 seconds 
  Import took 0.019202 seconds .

========================================================================
Received Import Request.
  Time since last request: 0.000258 seconds.
  path: Assets/Game/Scenes/Level 1/PostProcessing Profile.asset
  artifactKey: Guid(c5dc8afc157cef6438a035494f65da5d) Importer(815301076,1909f56bfc062723c751e8b465ee728b)
Start importing Assets/Game/Scenes/Level 1/PostProcessing Profile.asset using Guid(c5dc8afc157cef6438a035494f65da5d) Importer(815301076,1909f56bfc062723c751e8b465ee728b)  -> (artifact id: '576eca106e5897320855ba1d882eab74') in 0.008143 seconds 
  Import took 0.013424 seconds .

========================================================================
Received Import Request.
  Time since last request: 41.935945 seconds.
  path: Assets/Game/URP Folder/Volume Profile.asset
  artifactKey: Guid(7894700eef98aca4a827bdacb4e9f839) Importer(815301076,1909f56bfc062723c751e8b465ee728b)
Start importing Assets/Game/URP Folder/Volume Profile.asset using Guid(7894700eef98aca4a827bdacb4e9f839) Importer(815301076,1909f56bfc062723c751e8b465ee728b)  -> (artifact id: 'c51059ecb8ed20dbb1cd96364999178e') in 0.002584 seconds 
  Import took 0.007918 seconds .

========================================================================
Received Import Request.
  Time since last request: 32.263114 seconds.
  path: Assets/Game/URP Folder/Volume Profile.asset
  artifactKey: Guid(7894700eef98aca4a827bdacb4e9f839) Importer(815301076,1909f56bfc062723c751e8b465ee728b)
Start importing Assets/Game/URP Folder/Volume Profile.asset using Guid(7894700eef98aca4a827bdacb4e9f839) Importer(815301076,1909f56bfc062723c751e8b465ee728b)  -> (artifact id: 'e83c5de126be25724e7df9d7a84753e1') in 0.002822 seconds 
  Import took 0.010667 seconds .

========================================================================
Received Import Request.
  Time since last request: 149.555549 seconds.
  path: Assets/Game/URP Folder/Volume Profile.asset
  artifactKey: Guid(7894700eef98aca4a827bdacb4e9f839) Importer(815301076,1909f56bfc062723c751e8b465ee728b)
Start importing Assets/Game/URP Folder/Volume Profile.asset using Guid(7894700eef98aca4a827bdacb4e9f839) Importer(815301076,1909f56bfc062723c751e8b465ee728b)  -> (artifact id: 'f4f518e3d3f9a8ac2f2ceb0a7f0dabb6') in 0.002920 seconds 
  Import took 0.009555 seconds .

========================================================================
Received Prepare
Registering precompiled user dll's ...
Registered in 0.005086 seconds.
Begin MonoManager ReloadAssembly
Native extension for Lumin target not found
Native extension for WindowsStandalone target not found
Native extension for WebGL target not found
Refreshing native plugins compatible for Editor in 0.73 ms, found 2 plugins.
Preloading 0 native plugins for Editor in 0.00 ms.
Mono: successfully reloaded assembly
- Completed reload, in  1.421 seconds
Domain Reload Profiling:
	ReloadAssembly (1421ms)
		BeginReloadAssembly (117ms)
			ExecutionOrderSort (0ms)
			DisableScriptedObjects (4ms)
			BackupInstance (0ms)
			ReleaseScriptingObjects (0ms)
			CreateAndSetChildDomain (36ms)
		EndReloadAssembly (1243ms)
			LoadAssemblies (98ms)
			RebuildTransferFunctionScriptingTraits (0ms)
			SetupTypeCache (346ms)
			ReleaseScriptCaches (3ms)
			RebuildScriptCaches (62ms)
			SetupLoadedEditorAssemblies (537ms)
				LogAssemblyErrors (0ms)
				InitializePlatformSupportModulesInManaged (6ms)
				SetLoadedEditorAssemblies (1ms)
				RefreshPlugins (1ms)
				BeforeProcessingInitializeOnLoad (92ms)
				ProcessInitializeOnLoadAttributes (423ms)
				ProcessInitializeOnLoadMethodAttributes (4ms)
				AfterProcessingInitializeOnLoad (10ms)
				EditorAssembliesLoaded (0ms)
			ExecutionOrderSort2 (0ms)
			AwakeInstancesAfterBackupRestoration (9ms)
Platform modules already initialized, skipping
Switching build target platform(19) subTarget(0) extendedPlatform(0) -> platform(13) subTarget(537395200) extendedPlatform(0)
Refreshing native plugins compatible for Editor in 0.61 ms, found 2 plugins.
Preloading 0 native plugins for Editor in 0.00 ms.
Unloading 3420 Unused Serialized files (Serialized files now loaded: 0)
System memory in use before: 149.6 MB.
System memory in use after: 147.7 MB.

Unloading 42 unused Assets to reduce memory usage. Loaded Objects now: 3971.
Total: 4.390200 ms (FindLiveObjects: 0.354400 ms CreateObjectMapping: 0.188400 ms MarkObjects: 3.203600 ms  DeleteObjects: 0.642800 ms)

AssetImportParameters requested are different than current active one (requested -> active):
  custom:framework-win-MediaFoundation: 216162199b28c13a410421893ffa2e32 -> 
  custom:video-decoder-ogg-theora: a1e56fd34408186e4bbccfd4996cb3dc -> 
  custom:container-muxer-webm: aa71ff27fc2769a1b78a27578f13a17b -> 
  custom:container-demuxer-webm: 4f35f7cbe854078d1ac9338744f61a02 -> 
  custom:container-demuxer-ogg: 62fdf1f143b41e24485cea50d1cbac27 -> 
  custom:video-encoder-webm-vp8: eb34c28f22e8b96e1ab97ce403110664 -> 
  custom:video-codec-MediaFoundation-h265: 746d11721c4dcdbdad8f713fa42b33f4 -> 
  custom:video-decoder-webm-vp8: 9c59270c3fd7afecdb556c50c9e8de78 -> 
  custom:graphics/normal-map-encoding: 01000000000000000000000000000000 -> 02000000000000000000000000000000
  custom:audio-decoder-ogg-vorbis: bf7c407c2cedff20999df2af8eb42d56 -> 
  custom:audio-encoder-webm-vorbis: bf7c407c2cedff20999df2af8eb42d56 -> 
========================================================================
Received Import Request.
  Time since last request: 169.643234 seconds.
  path: Assets/Game/URP Folder/Volume Profile.asset
  artifactKey: Guid(7894700eef98aca4a827bdacb4e9f839) Importer(815301076,1909f56bfc062723c751e8b465ee728b)
Start importing Assets/Game/URP Folder/Volume Profile.asset using Guid(7894700eef98aca4a827bdacb4e9f839) Importer(815301076,1909f56bfc062723c751e8b465ee728b)  -> (artifact id: '07b9ac73bede75946f0e28cc15b5cf02') in 0.021117 seconds 
  Import took 0.026216 seconds .

AssetImportWorkerClient::OnTransportError - code=2 error=End of file
